sh: -c: line 0: unexpected EOF while looking for matching `"'
sh: -c: line 1: syntax error: unexpected end of file
Python(25571) MallocStackLogging: can't turn off malloc stack logging because it was not enabled.
Python(26548) MallocStackLogging: can't turn off malloc stack logging because it was not enabled.
Python(26989) MallocStackLogging: can't turn off malloc stack logging because it was not enabled.
sh: -c: line 0: unexpected EOF while looking for matching `"'
sh: -c: line 1: syntax error: unexpected end of file
Python(27088) MallocStackLogging: can't turn off malloc stack logging because it was not enabled.
Python(27092) MallocStackLogging: can't turn off malloc stack logging because it was not enabled.
To https://github.com/innysik222/Viral-AI-threads-for-X
   cb84490..4026e33  main -> main
sh: -c: line 0: unexpected EOF while looking for matching `"'
sh: -c: line 1: syntax error: unexpected end of file
To https://github.com/innysik222/Viral-AI-threads-for-X
   4026e33..fade239  main -> main
To https://github.com/innysik222/Viral-AI-threads-for-X
   fade239..a0ff4a6  main -> main
sh: -c: line 0: unexpected EOF while looking for matching `"'
sh: -c: line 1: syntax error: unexpected end of file
To https://github.com/innysik222/Viral-AI-threads-for-X
   764ea56..c0d25e0  main -> main
sh: -c: line 0: unexpected EOF while looking for matching `"'
sh: -c: line 1: syntax error: unexpected end of file
To https://github.com/innysik222/Viral-AI-threads-for-X
   c0d25e0..004fd5b  main -> main
To https://github.com/innysik222/Viral-AI-threads-for-X
   004fd5b..8599694  main -> main
To https://github.com/innysik222/Viral-AI-threads-for-X
   8599694..6799df6  main -> main
To https://github.com/innysik222/Viral-AI-threads-for-X
   6799df6..2bab1c0  main -> main
To https://github.com/innysik222/Viral-AI-threads-for-X
   2bab1c0..2aa259d  main -> main
To https://github.com/innysik222/Viral-AI-threads-for-X
   2aa259d..622d012  main -> main
sh: -c: line 0: syntax error near unexpected token `('
sh: -c: line 0: `osascript -e 'display notification "Thread generated: How AI Hacks Your Brain's Attachment System (with Zak Stein)" with title "AI Snippets"''
To https://github.com/innysik222/Viral-AI-threads-for-X
   622d012..cbd426b  main -> main
To https://github.com/innysik222/Viral-AI-threads-for-X
   cbd426b..e095cb8  main -> main
sh: -c: line 0: unexpected EOF while looking for matching `"'
sh: -c: line 1: syntax error: unexpected end of file
To https://github.com/innysik222/Viral-AI-threads-for-X
   e095cb8..6d7cb01  main -> main
sh: -c: line 0: unexpected EOF while looking for matching `"'
sh: -c: line 1: syntax error: unexpected end of file
To https://github.com/innysik222/Viral-AI-threads-for-X
   6d7cb01..2e7181b  main -> main
sh: -c: line 0: unexpected EOF while looking for matching `"'
sh: -c: line 1: syntax error: unexpected end of file
To https://github.com/innysik222/Viral-AI-threads-for-X
   2e7181b..313f93f  main -> main
To https://github.com/innysik222/Viral-AI-threads-for-X
   313f93f..0fbcb68  main -> main
To https://github.com/innysik222/Viral-AI-threads-for-X
   0fbcb68..013bd1f  main -> main
To https://github.com/innysik222/Viral-AI-threads-for-X
   013bd1f..8acfce8  main -> main
fatal: unable to access 'https://github.com/innysik222/Viral-AI-threads-for-X/': Recv failure: Operation timed out
To https://github.com/innysik222/Viral-AI-threads-for-X
   8acfce8..43c71ed  main -> main
To https://github.com/innysik222/Viral-AI-threads-for-X
   43c71ed..86722dc  main -> main
To https://github.com/innysik222/Viral-AI-threads-for-X
   86722dc..dd3b3a2  main -> main
To https://github.com/innysik222/Viral-AI-threads-for-X
   dd3b3a2..61b3642  main -> main
sh: -c: line 0: unexpected EOF while looking for matching `"'
sh: -c: line 1: syntax error: unexpected end of file
To https://github.com/innysik222/Viral-AI-threads-for-X
   61b3642..3e07539  main -> main
To https://github.com/innysik222/Viral-AI-threads-for-X
   3e07539..f1fc10d  main -> main
22:22: syntax error: Expected string but found end of script. (-2741)
sh: -c: line 0: unexpected EOF while looking for matching `"'
sh: -c: line 1: syntax error: unexpected end of file
To https://github.com/innysik222/Viral-AI-threads-for-X
   f1fc10d..22b2325  main -> main
Python(36382) MallocStackLogging: can't turn off malloc stack logging because it was not enabled.
Python(36389) MallocStackLogging: can't turn off malloc stack logging because it was not enabled.
Python(36397) MallocStackLogging: can't turn off malloc stack logging because it was not enabled.
Python(36401) MallocStackLogging: can't turn off malloc stack logging because it was not enabled.
To https://github.com/innysik222/Viral-AI-threads-for-X
   22b2325..545ef5b  main -> main
Python(3477) MallocStackLogging: can't turn off malloc stack logging because it was not enabled.
Python(3504) MallocStackLogging: can't turn off malloc stack logging because it was not enabled.
Python(3509) MallocStackLogging: can't turn off malloc stack logging because it was not enabled.
Python(3515) MallocStackLogging: can't turn off malloc stack logging because it was not enabled.
Python(3519) MallocStackLogging: can't turn off malloc stack logging because it was not enabled.
Python(3523) MallocStackLogging: can't turn off malloc stack logging because it was not enabled.
Python(3524) MallocStackLogging: can't turn off malloc stack logging because it was not enabled.
Python(3525) MallocStackLogging: can't turn off malloc stack logging because it was not enabled.
Python(3528) MallocStackLogging: can't turn off malloc stack logging because it was not enabled.
To https://github.com/innysik222/Viral-AI-threads-for-X
   545ef5b..aecfaed  main -> main
Python(19541) MallocStackLogging: can't turn off malloc stack logging because it was not enabled.
Python(33906) MallocStackLogging: can't turn off malloc stack logging because it was not enabled.
Python(33910) MallocStackLogging: can't turn off malloc stack logging because it was not enabled.
Python(69912) MallocStackLogging: can't turn off malloc stack logging because it was not enabled.
Python(29428) MallocStackLogging: can't turn off malloc stack logging because it was not enabled.
Python(29438) MallocStackLogging: can't turn off malloc stack logging because it was not enabled.
Python(29468) MallocStackLogging: can't turn off malloc stack logging because it was not enabled.
Python(32929) MallocStackLogging: can't turn off malloc stack logging because it was not enabled.
Python(32938) MallocStackLogging: can't turn off malloc stack logging because it was not enabled.
Python(32951) MallocStackLogging: can't turn off malloc stack logging because it was not enabled.
Python(35568) MallocStackLogging: can't turn off malloc stack logging because it was not enabled.
Python(35594) MallocStackLogging: can't turn off malloc stack logging because it was not enabled.
To https://github.com/innysik222/Viral-AI-threads-for-X
   aecfaed..b493131  main -> main
sh: -c: line 0: unexpected EOF while looking for matching `"'
sh: -c: line 1: syntax error: unexpected end of file
To https://github.com/innysik222/Viral-AI-threads-for-X
   b493131..0fc214b  main -> main
To https://github.com/innysik222/Viral-AI-threads-for-X
   0fc214b..84f06bd  main -> main
Python(72319) MallocStackLogging: can't turn off malloc stack logging because it was not enabled.
Python(72342) MallocStackLogging: can't turn off malloc stack logging because it was not enabled.
Python(72358) MallocStackLogging: can't turn off malloc stack logging because it was not enabled.
Python(72365) MallocStackLogging: can't turn off malloc stack logging because it was not enabled.
Python(72370) MallocStackLogging: can't turn off malloc stack logging because it was not enabled.
Python(73150) MallocStackLogging: can't turn off malloc stack logging because it was not enabled.
Python(73159) MallocStackLogging: can't turn off malloc stack logging because it was not enabled.
Python(73361) MallocStackLogging: can't turn off malloc stack logging because it was not enabled.
Python(73369) MallocStackLogging: can't turn off malloc stack logging because it was not enabled.
Python(73370) MallocStackLogging: can't turn off malloc stack logging because it was not enabled.
Python(73371) MallocStackLogging: can't turn off malloc stack logging because it was not enabled.
Python(73374) MallocStackLogging: can't turn off malloc stack logging because it was not enabled.
To https://github.com/innysik222/Viral-AI-threads-for-X
   84f06bd..8fec548  main -> main
To https://github.com/innysik222/Viral-AI-threads-for-X
   8fec548..80d63ca  main -> main
To https://github.com/innysik222/Viral-AI-threads-for-X
   80d63ca..885879e  main -> main
21:27: execution error: The variable Thread is not defined. (-2753)
sh: -c: line 0: unexpected EOF while looking for matching `"'
sh: -c: line 1: syntax error: unexpected end of file
To https://github.com/innysik222/Viral-AI-threads-for-X
   885879e..bc36587  main -> main
21:27: execution error: The variable Thread is not defined. (-2753)
To https://github.com/innysik222/Viral-AI-threads-for-X
   bc36587..22a33cf  main -> main
sh: Daniel: command not found
21:27: execution error: The variable Thread is not defined. (-2753)
21:27: execution error: The variable Thread is not defined. (-2753)
sh: -c: line 0: syntax error near unexpected token `('
sh: -c: line 0: `osascript -e 'display notification 'Thread generated: Peptide Expert: What Do Peptides Actually Do? (EXPLAINED) - Dr Alex Tatem' with title "AI Snippets"''
To https://github.com/innysik222/Viral-AI-threads-for-X
   22a33cf..19f6b15  main -> main
21:27: execution error: The variable Thread is not defined. (-2753)
21:27: execution error: The variable Thread is not defined. (-2753)
To https://github.com/innysik222/Viral-AI-threads-for-X
   19f6b15..f3ecc4f  main -> main
21:27: execution error: The variable Thread is not defined. (-2753)
sh: -c: line 0: syntax error near unexpected token `('
sh: -c: line 0: `osascript -e 'display notification 'Thread generated: Why AI Without ROI Will Die (Again)' with title "AI Snippets"''
sh: -c: line 0: unexpected EOF while looking for matching `"'
sh: -c: line 1: syntax error: unexpected end of file
21:27: execution error: The variable Thread is not defined. (-2753)
21:27: execution error: The variable Thread is not defined. (-2753)
To https://github.com/innysik222/Viral-AI-threads-for-X
   f3ecc4f..59eb51c  main -> main
sh: -c: line 0: unexpected EOF while looking for matching `"'
sh: -c: line 1: syntax error: unexpected end of file
21:27: execution error: The variable Thread is not defined. (-2753)
21:27: execution error: The variable Thread is not defined. (-2753)
flex: can't open Fridman
Python(62678) MallocStackLogging: can't turn off malloc stack logging because it was not enabled.
21:27: execution error: The variable Thread is not defined. (-2753)
Python(63168) MallocStackLogging: can't turn off malloc stack logging because it was not enabled.
sh: New: command not found
Python(63574) MallocStackLogging: can't turn off malloc stack logging because it was not enabled.
21:27: execution error: The variable Thread is not defined. (-2753)
sh: -c: line 0: syntax error near unexpected token `('
sh: -c: line 0: `osascript -e 'display notification 'Thread generated: Intelligence is collective, not artificial — Prof. Michael I. Jordan (UC Berkeley / Inria)' with title "AI Snippets"''
Python(63882) MallocStackLogging: can't turn off malloc stack logging because it was not enabled.
21:27: execution error: The variable Thread is not defined. (-2753)
Python(64177) MallocStackLogging: can't turn off malloc stack logging because it was not enabled.
sh: -c: line 0: unexpected EOF while looking for matching `"'
sh: -c: line 1: syntax error: unexpected end of file
Python(64635) MallocStackLogging: can't turn off malloc stack logging because it was not enabled.
sh: -c: line 0: unexpected EOF while looking for matching `"'
sh: -c: line 1: syntax error: unexpected end of file
Python(65024) MallocStackLogging: can't turn off malloc stack logging because it was not enabled.
sh: -c: line 0: unexpected EOF while looking for matching `"'
sh: -c: line 1: syntax error: unexpected end of file
Python(65423) MallocStackLogging: can't turn off malloc stack logging because it was not enabled.
sh: -c: line 0: unexpected EOF while looking for matching `"'
sh: -c: line 1: syntax error: unexpected end of file
Python(65830) MallocStackLogging: can't turn off malloc stack logging because it was not enabled.
Python(65831) MallocStackLogging: can't turn off malloc stack logging because it was not enabled.
Python(65832) MallocStackLogging: can't turn off malloc stack logging because it was not enabled.
Python(65835) MallocStackLogging: can't turn off malloc stack logging because it was not enabled.
To https://github.com/innysik222/Viral-AI-threads-for-X
   59eb51c..388d8a8  main -> main
sh: the: command not found
21:27: execution error: The variable Thread is not defined. (-2753)
sh: Errol: command not found
21:27: execution error: The variable Thread is not defined. (-2753)
sh: Ara: command not found
21:27: execution error: The variable Thread is not defined. (-2753)
21:27: execution error: The variable Thread is not defined. (-2753)
To https://github.com/innysik222/Viral-AI-threads-for-X
   388d8a8..a2bcff9  main -> main
21:27: execution error: The variable Thread is not defined. (-2753)
To https://github.com/innysik222/Viral-AI-threads-for-X
   a2bcff9..f689c7b  main -> main
sh: Steffen: command not found
21:27: execution error: The variable Thread is not defined. (-2753)
21:27: execution error: The variable Thread is not defined. (-2753)
To https://github.com/innysik222/Viral-AI-threads-for-X
   f689c7b..37f9a6a  main -> main
sh: -c: line 0: syntax error near unexpected token `('
sh: -c: line 0: `osascript -e 'display notification 'Thread generated: Why AI Chatbots Are a Rival to the Family (with Michael Toscano)' with title "AI Snippets"''
To https://github.com/innysik222/Viral-AI-threads-for-X
   37f9a6a..4374acd  main -> main
21:27: execution error: The variable Thread is not defined. (-2753)
sh: Dr.: command not found
21:27: execution error: The variable Thread is not defined. (-2753)
sh: -c: line 0: unexpected EOF while looking for matching `"'
sh: -c: line 1: syntax error: unexpected end of file
sh: End: command not found
sh: Cole: command not found
21:27: execution error: The variable Thread is not defined. (-2753)
21:27: execution error: The variable Thread is not defined. (-2753)
sh: -c: line 0: unexpected EOF while looking for matching `"'
sh: -c: line 1: syntax error: unexpected end of file
What: Happens: No such file or directory
What: Next! with title "AI Snippets": No such file or directory
21:27: execution error: The variable Thread is not defined. (-2753)
To https://github.com/innysik222/Viral-AI-threads-for-X
   4374acd..54cf7d7  main -> main
21:27: execution error: The variable Thread is not defined. (-2753)
flex: can't open Fridman
Python(92325) MallocStackLogging: can't turn off malloc stack logging because it was not enabled.
Python(92342) MallocStackLogging: can't turn off malloc stack logging because it was not enabled.
Python(92367) MallocStackLogging: can't turn off malloc stack logging because it was not enabled.
Python(92373) MallocStackLogging: can't turn off malloc stack logging because it was not enabled.
Python(92378) MallocStackLogging: can't turn off malloc stack logging because it was not enabled.
Python(92383) MallocStackLogging: can't turn off malloc stack logging because it was not enabled.
Python(92389) MallocStackLogging: can't turn off malloc stack logging because it was not enabled.
Python(92394) MallocStackLogging: can't turn off malloc stack logging because it was not enabled.
Python(92403) MallocStackLogging: can't turn off malloc stack logging because it was not enabled.
Python(92404) MallocStackLogging: can't turn off malloc stack logging because it was not enabled.
Python(92405) MallocStackLogging: can't turn off malloc stack logging because it was not enabled.
Python(92408) MallocStackLogging: can't turn off malloc stack logging because it was not enabled.
To https://github.com/innysik222/Viral-AI-threads-for-X
   54cf7d7..0b88e2b  main -> main
sh: -c: line 0: unexpected EOF while looking for matching `"'
sh: -c: line 1: syntax error: unexpected end of file
To https://github.com/innysik222/Viral-AI-threads-for-X
   0b88e2b..7ffc503  main -> main
sh: SXSW: command not found
21:27: execution error: The variable Thread is not defined. (-2753)
To https://github.com/innysik222/Viral-AI-threads-for-X
   7ffc503..e5d2cee  main -> main
21:27: execution error: The variable Thread is not defined. (-2753)
sh: Chia-Lin: command not found
21:27: execution error: The variable Thread is not defined. (-2753)
21:27: execution error: The variable Thread is not defined. (-2753)
To https://github.com/innysik222/Viral-AI-threads-for-X
   e5d2cee..35e95fb  main -> main
21:27: execution error: The variable Thread is not defined. (-2753)
sh: Risto: command not found
21:27: execution error: The variable Thread is not defined. (-2753)
21:27: execution error: The variable Thread is not defined. (-2753)
To https://github.com/innysik222/Viral-AI-threads-for-X
   35e95fb..f5e7c10  main -> main
21:27: execution error: The variable Thread is not defined. (-2753)
21:27: execution error: The variable Thread is not defined. (-2753)
To https://github.com/innysik222/Viral-AI-threads-for-X
   f5e7c10..a50fa15  main -> main
21:27: execution error: The variable Thread is not defined. (-2753)
21:27: execution error: The variable Thread is not defined. (-2753)
21:27: execution error: The variable Thread is not defined. (-2753)
sh: Tom: command not found
21:27: execution error: The variable Thread is not defined. (-2753)
To https://github.com/innysik222/Viral-AI-threads-for-X
   a50fa15..9cf9051  main -> main
21:27: execution error: The variable Thread is not defined. (-2753)
sh: -c: line 0: unexpected EOF while looking for matching `"'
sh: -c: line 1: syntax error: unexpected end of file
To https://github.com/innysik222/Viral-AI-threads-for-X
   9cf9051..8a28e6d  main -> main
sh: Oren: command not found
21:27: execution error: The variable Thread is not defined. (-2753)
To https://github.com/innysik222/Viral-AI-threads-for-X
   8a28e6d..4341a56  main -> main
21:27: execution error: The variable Thread is not defined. (-2753)
To https://github.com/innysik222/Viral-AI-threads-for-X
   4341a56..3c96d0a  main -> main
sh: -c: line 0: unexpected EOF while looking for matching `"'
sh: -c: line 1: syntax error: unexpected end of file
To https://github.com/innysik222/Viral-AI-threads-for-X
   3c96d0a..0516f8b  main -> main
21:27: execution error: The variable Thread is not defined. (-2753)
To https://github.com/innysik222/Viral-AI-threads-for-X
   0516f8b..f38b5aa  main -> main
21:27: execution error: The variable Thread is not defined. (-2753)
To https://github.com/innysik222/Viral-AI-threads-for-X
   f38b5aa..7aa2198  main -> main
sh: -c: line 0: unexpected EOF while looking for matching `"'
sh: -c: line 1: syntax error: unexpected end of file
sh: -c: line 0: syntax error near unexpected token `('
sh: -c: line 0: `osascript -e 'display notification 'Thread generated: How AI Companions Trap Users Through Addictive Design (with Claire Boine)' with title "AI Snippets"''
To https://github.com/innysik222/Viral-AI-threads-for-X
   7aa2198..66e8ecf  main -> main
To https://github.com/innysik222/Viral-AI-threads-for-X
   66e8ecf..b0f0938  main -> main
fatal: unable to access 'https://github.com/innysik222/Viral-AI-threads-for-X/': Resolving timed out after 315698 milliseconds
To https://github.com/innysik222/Viral-AI-threads-for-X
   b0f0938..bba27c5  main -> main
To https://github.com/innysik222/Viral-AI-threads-for-X
   bba27c5..07b2813  main -> main
To https://github.com/innysik222/Viral-AI-threads-for-X
   07b2813..04e437a  main -> main
sh: -c: line 0: unexpected EOF while looking for matching `"'
sh: -c: line 1: syntax error: unexpected end of file
To https://github.com/innysik222/Viral-AI-threads-for-X
   04e437a..a46a348  main -> main
To https://github.com/innysik222/Viral-AI-threads-for-X
   a46a348..a3dd614  main -> main
To https://github.com/innysik222/Viral-AI-threads-for-X
   a3dd614..8062b38  main -> main
To https://github.com/innysik222/Viral-AI-threads-for-X
   8062b38..bc66dde  main -> main
sh: -c: line 0: unexpected EOF while looking for matching `"'
sh: -c: line 1: syntax error: unexpected end of file
To https://github.com/innysik222/Viral-AI-threads-for-X
   bc66dde..3dfd53c  main -> main
To https://github.com/innysik222/Viral-AI-threads-for-X
   3dfd53c..9eb5af8  main -> main
sh: -c: line 0: unexpected EOF while looking for matching `"'
sh: -c: line 1: syntax error: unexpected end of file
